<?xml version="1.0" encoding="UTF-8"?>
<testsuite xmlns:xsi="http://www.w3.org/2001/XMLSchema-instance" xsi:noNamespaceSchemaLocation="https://maven.apache.org/surefire/maven-surefire-plugin/xsd/surefire-test-report.xsd" name="com.ashusingh.MathUtilsTest" time="0.045" tests="3" errors="0" skipped="0" failures="0">
  <properties>
[...]
</properties>
  <testcase name="computeCircleArea" classname="com.ashusingh.MathUtilsTest" time="0.025"/>
  <testcase name="divide" classname="com.ashusingh.MathUtilsTest" time="0.005"/>
  <testcase name="test" classname="com.ashusingh.MathUtilsTest" time="0.002"/>
</testsuite>